ibrahim_left_0.jpg
processing...
skeletonizing...
done
ibrahim_left_1.jpg
processing...
skeletonizing...
done
ibrahim_left_2.jpg
processing...
skeletonizing...
done
ibrahim_left_3.jpg
processing...
skeletonizing...
done
ibrahim_left_4.jpg
processing...
skeletonizing...
done
ibrahim_right_0.jpg
processing...
skeletonizing...
done
ibrahim_right_1.jpg
processing...
skeletonizing...
done
ibrahim_right_2.jpg
processing...
skeletonizing...
done
ibrahim_right_3.jpg
processing...
skeletonizing...
done
ibrahim_right_4.jpg
processing...
skeletonizing...
done
jason_left_0.jpg
processing...
skeletonizing...
done
jason_left_1.jpg
processing...
skeletonizing...
done
jason_left_2.jpg
processing...
skeletonizing...
done
jason_left_3.jpg
processing...
skeletonizing...
done
jason_left_4.jpg
processing...
skeletonizing...
done
jason_right_0.jpg
processing...
skeletonizing...
done
jason_right_1.jpg
processing...
skeletonizing...
done
jason_right_2.jpg
processing...
skeletonizing...
done
jason_right_3.jpg
processing...
skeletonizing...
done
jason_right_4.jpg
processing...
skeletonizing...
done
jun_left_0.jpg
processing...
skeletonizing...
done
jun_left_1.jpg
processing...
skeletonizing...
done
jun_left_2.jpg
processing...
skeletonizing...
done
jun_left_3.jpg
processing...
skeletonizing...
done
jun_left_4.jpg
processing...
skeletonizing...
done
jun_right_0.jpg
processing...
skeletonizing...
done
jun_right_1.jpg
processing...
skeletonizing...
done
jun_right_2.jpg
processing...
skeletonizing...
done
jun_right_3.jpg
processing...
skeletonizing...
done
jun_right_4.jpg
processing...
skeletonizing...
done
justin_left_0.jpg
processing...
skeletonizing...
done
justin_left_1.jpg
processing...
skeletonizing...
done
justin_left_2.jpg
processing...
skeletonizing...
done
justin_left_3.jpg
processing...
skeletonizing...
done
justin_left_4.jpg
processing...
skeletonizing...
done
justin_right_0.jpg
processing...
skeletonizing...
done
justin_right_1.jpg
processing...
skeletonizing...
done
justin_right_2.jpg
processing...
skeletonizing...
done
justin_right_3.jpg
processing...
skeletonizing...
done
justin_right_4.jpg
processing...
skeletonizing...
done
nick_left_0.jpg
processing...
skeletonizing...
done
nick_left_1.jpg
processing...
skeletonizing...
done
nick_left_2.jpg
processing...
skeletonizing...
done
nick_left_3.jpg
processing...
skeletonizing...
done
nick_left_4.jpg
processing...
skeletonizing...
done
nick_right_0.jpg
processing...
skeletonizing...
done
nick_right_1.jpg
processing...
skeletonizing...
done
nick_right_2.jpg
processing...
skeletonizing...
done
nick_right_3.jpg
processing...
skeletonizing...
done
nick_right_4.jpg
processing...
skeletonizing...
done
samir_left_0.jpg
processing...
skeletonizing...
done
samir_left_1.jpg
processing...
skeletonizing...
done
samir_left_2.jpg
processing...
skeletonizing...
done
samir_left_3.jpg
processing...
skeletonizing...
done
samir_left_4.jpg
processing...
skeletonizing...
done
samir_right_0.jpg
processing...
skeletonizing...
done
samir_right_1.jpg
processing...
skeletonizing...
done
samir_right_2.jpg
processing...
skeletonizing...
done
samir_right_3.jpg
processing...
skeletonizing...
done
samir_right_4.jpg
processing...
skeletonizing...
done
thomas_left_0.jpg
processing...
skeletonizing...
done
thomas_left_1.jpg
processing...
skeletonizing...
done
thomas_left_2.jpg
processing...
skeletonizing...
done
thomas_left_3.jpg
processing...
skeletonizing...
done
thomas_left_4.jpg
processing...
skeletonizing...
done
thomas_right_0.jpg
processing...
skeletonizing...
done
thomas_right_1.jpg
processing...
skeletonizing...
done
thomas_right_2.jpg
processing...
skeletonizing...
done
thomas_right_3.jpg
processing...
skeletonizing...
done
thomas_right_4.jpg
processing...
skeletonizing...
done
will_left_0.jpg
processing...
skeletonizing...
done
will_left_1.jpg
processing...
skeletonizing...
done
will_left_2.jpg
processing...
skeletonizing...
done
will_left_3.jpg
processing...
skeletonizing...
done
will_left_4.jpg
processing...
skeletonizing...
done
will_right_0.jpg
processing...
skeletonizing...
done
will_right_1.jpg
processing...
skeletonizing...
done
will_right_2.jpg
processing...
skeletonizing...
done
will_right_3.jpg
processing...
skeletonizing...
done
will_right_4.jpg
processing...
skeletonizing...
done
